<?xml version="1.0" encoding="UTF-8"?>
<robot generator="Robot 4.1.3 (Python 3.10.2 on win32)" generated="20220215 02:00:12.111" rpa="false" schemaversion="2">
<suite id="s1" name="Logintest" source="D:\practise_problem\FINALPROJECT\test_cases\logintest.robot">
<test id="s1-t1" name="LoginTest">
<kw name="Open My Browser" library="loginKeywords">
<arg>${siteurl}</arg>
<arg>${browser}</arg>
<kw name="Open Browser" library="SeleniumLibrary">
<arg>${siteurl}</arg>
<arg>${browser}</arg>
<doc>Opens a new browser instance to the optional ``url``.</doc>
<msg timestamp="20220215 02:00:12.801" level="INFO">Opening browser 'chrome' to base url 'https://demo.guru99.com/test/newtours/'.</msg>
<msg timestamp="20220215 02:00:12.832" level="INFO">Cannot capture screenshot because no browser is open.</msg>
<msg timestamp="20220215 02:00:12.848" level="FAIL">WebDriverException: Message: 'chromedriver' executable needs to be in PATH. Please see https://chromedriver.chromium.org/home
</msg>
<status status="FAIL" starttime="20220215 02:00:12.801" endtime="20220215 02:00:12.848"/>
</kw>
<kw name="Maximize Browser Window" library="SeleniumLibrary">
<doc>Maximizes current browser window.</doc>
<status status="NOT RUN" starttime="20220215 02:00:12.848" endtime="20220215 02:00:12.848"/>
</kw>
<status status="FAIL" starttime="20220215 02:00:12.801" endtime="20220215 02:00:12.848"/>
</kw>
<kw name="Enter UserName" library="loginKeywords">
<arg>${username}</arg>
<status status="NOT RUN" starttime="20220215 02:00:12.848" endtime="20220215 02:00:12.848"/>
</kw>
<kw name="Enter Password" library="loginKeywords">
<arg>${password}</arg>
<status status="NOT RUN" starttime="20220215 02:00:12.848" endtime="20220215 02:00:12.848"/>
</kw>
<kw name="Click SignIn" library="loginKeywords">
<status status="NOT RUN" starttime="20220215 02:00:12.848" endtime="20220215 02:00:12.848"/>
</kw>
<kw name="Sleep" library="BuiltIn">
<arg>3</arg>
<doc>Pauses the test executed for the given time.</doc>
<status status="NOT RUN" starttime="20220215 02:00:12.848" endtime="20220215 02:00:12.848"/>
</kw>
<kw name="Verify Successful Login" library="loginKeywords">
<status status="NOT RUN" starttime="20220215 02:00:12.848" endtime="20220215 02:00:12.848"/>
</kw>
<kw name="Close My Browser" library="loginKeywords">
<status status="NOT RUN" starttime="20220215 02:00:12.848" endtime="20220215 02:00:12.848"/>
</kw>
<status status="FAIL" starttime="20220215 02:00:12.801" endtime="20220215 02:00:12.864">WebDriverException: Message: 'chromedriver' executable needs to be in PATH. Please see https://chromedriver.chromium.org/home
</status>
</test>
<status status="FAIL" starttime="20220215 02:00:12.111" endtime="20220215 02:00:12.864"/>
</suite>
<statistics>
<total>
<stat pass="0" fail="1" skip="0">All Tests</stat>
</total>
<tag>
</tag>
<suite>
<stat pass="0" fail="1" skip="0" id="s1" name="Logintest">Logintest</stat>
</suite>
</statistics>
<errors>
</errors>
</robot>
